Fri Feb 13 2015 10:31:56 GMT+0700 (ICT) -@-  Update tag (id:0 | name: Uncategorized) count = 0
Fri Feb 13 2015 10:31:57 GMT+0700 (ICT) -@-  Update tag (id:430 | name: buy) count = 0
Fri Feb 13 2015 10:31:57 GMT+0700 (ICT) -@-  Update tag (id:426 | name: knockout) count = 0
Fri Feb 13 2015 10:31:57 GMT+0700 (ICT) -@-  Update tag (id:428 | name: C/C++) count = 0
Fri Feb 13 2015 10:31:57 GMT+0700 (ICT) -@-  Update tag (id:1423466105550 | name: PlayStation) count = 1
Fri Feb 13 2015 10:31:57 GMT+0700 (ICT) -@-  Update tag (id:392 | name: nosql) count = 13
Fri Feb 13 2015 10:31:57 GMT+0700 (ICT) -@-  Update tag (id:275 | name: project) count = 111
Fri Feb 13 2015 10:31:57 GMT+0700 (ICT) -@-  Update tag (id:331 | name: excel) count = 38
Fri Feb 13 2015 10:31:57 GMT+0700 (ICT) -@-  Update tag (id:274 | name: patterns) count = 55
Fri Feb 13 2015 10:31:57 GMT+0700 (ICT) -@-  Update tag (id:359 | name: ejb) count = 7
Fri Feb 13 2015 10:31:57 GMT+0700 (ICT) -@-  Update tag (id:352 | name: shell) count = 18
Fri Feb 13 2015 10:31:57 GMT+0700 (ICT) -@-  Update tag (id:272 | name: testing) count = 79
Fri Feb 13 2015 10:31:57 GMT+0700 (ICT) -@-  Update tag (id:338 | name: vb) count = 13
Fri Feb 13 2015 10:31:57 GMT+0700 (ICT) -@-  Update tag (id:299 | name: security) count = 115
Fri Feb 13 2015 10:31:57 GMT+0700 (ICT) -@-  Update tag (id:289 | name: ipad) count = 47
Fri Feb 13 2015 10:31:57 GMT+0700 (ICT) -@-  Update tag (id:265 | name: ruby) count = 57
Fri Feb 13 2015 10:31:57 GMT+0700 (ICT) -@-  Update tag (id:267 | name: arduino) count = 27
Fri Feb 13 2015 10:31:57 GMT+0700 (ICT) -@-  Update tag (id:309 | name: mvc) count = 32
Fri Feb 13 2015 10:31:57 GMT+0700 (ICT) -@-  Update tag (id:284 | name: html5) count = 94
Fri Feb 13 2015 10:31:57 GMT+0700 (ICT) -@-  Update tag (id:344 | name: 3d) count = 69
Fri Feb 13 2015 10:31:57 GMT+0700 (ICT) -@-  Update tag (id:73 | name: scala) count = 15
Fri Feb 13 2015 10:31:57 GMT+0700 (ICT) -@-  Update tag (id:266 | name: performance) count = 111
Fri Feb 13 2015 10:31:57 GMT+0700 (ICT) -@-  Update tag (id:337 | name: visualization) count = 20
Fri Feb 13 2015 10:31:57 GMT+0700 (ICT) -@-  Update tag (id:324 | name: office) count = 43
Fri Feb 13 2015 10:31:57 GMT+0700 (ICT) -@-  Update tag (id:282 | name: phone) count = 52
Fri Feb 13 2015 10:31:57 GMT+0700 (ICT) -@-  Update tag (id:349 | name: cisco) count = 19
Fri Feb 13 2015 10:31:57 GMT+0700 (ICT) -@-  Update tag (id:319 | name: silverlight) count = 25
Fri Feb 13 2015 10:31:57 GMT+0700 (ICT) -@-  Update tag (id:362 | name: objective-c) count = 25
Fri Feb 13 2015 10:31:57 GMT+0700 (ICT) -@-  Update tag (id:302 | name: network) count = 142
Fri Feb 13 2015 10:31:57 GMT+0700 (ICT) -@-  Update tag (id:306 | name: sql) count = 117
Fri Feb 13 2015 10:31:57 GMT+0700 (ICT) -@-  Update tag (id:326 | name: jquery) count = 46
Fri Feb 13 2015 10:31:57 GMT+0700 (ICT) -@-  Update tag (id:358 | name: phonegap) count = 6
Fri Feb 13 2015 10:31:57 GMT+0700 (ICT) -@-  Update tag (id:273 | name: flash) count = 36
Fri Feb 13 2015 10:31:57 GMT+0700 (ICT) -@-  Update tag (id:393 | name: graph) count = 15
Fri Feb 13 2015 10:31:57 GMT+0700 (ICT) -@-  Update tag (id:295 | name: css) count = 62
Fri Feb 13 2015 10:31:57 GMT+0700 (ICT) -@-  Update tag (id:34 | name: mac) count = 79
Fri Feb 13 2015 10:31:57 GMT+0700 (ICT) -@-  Update tag (id:270 | name: cloud) count = 67
Fri Feb 13 2015 10:31:57 GMT+0700 (ICT) -@-  Update tag (id:391 | name: fedora) count = 5
Fri Feb 13 2015 10:31:57 GMT+0700 (ICT) -@-  Update tag (id:343 | name: mysql) count = 40
Fri Feb 13 2015 10:31:57 GMT+0700 (ICT) -@-  Update tag (id:320 | name: .net) count = 133
Fri Feb 13 2015 10:31:57 GMT+0700 (ICT) -@-  Update tag (id:380 | name: hadoop) count = 19
Fri Feb 13 2015 10:31:57 GMT+0700 (ICT) -@-  Update tag (id:300 | name: apache) count = 40
Fri Feb 13 2015 10:31:57 GMT+0700 (ICT) -@-  Update tag (id:312 | name: database) count = 188
Fri Feb 13 2015 10:31:57 GMT+0700 (ICT) -@-  Update tag (id:263 | name: basic) count = 178
Fri Feb 13 2015 10:31:57 GMT+0700 (ICT) -@-  Update tag (id:119 | name: html) count = 68
Fri Feb 13 2015 10:31:57 GMT+0700 (ICT) -@-  Update tag (id:298 | name: linux) count = 85
Fri Feb 13 2015 10:31:57 GMT+0700 (ICT) -@-  Update tag (id:281 | name: mobile) count = 210
Fri Feb 13 2015 10:31:57 GMT+0700 (ICT) -@-  Update tag (id:346 | name: api) count = 52
Fri Feb 13 2015 10:31:57 GMT+0700 (ICT) -@-  Update tag (id:293 | name: javascript) count = 180
Fri Feb 13 2015 10:31:57 GMT+0700 (ICT) -@-  Update tag (id:315 | name: server) count = 203
Fri Feb 13 2015 10:31:57 GMT+0700 (ICT) -@-  Update tag (id:304 | name: microsoft) count = 248
Fri Feb 13 2015 10:31:57 GMT+0700 (ICT) -@-  Update tag (id:288 | name: ios) count = 108
Fri Feb 13 2015 10:31:57 GMT+0700 (ICT) -@-  Update tag (id:287 | name: design) count = 297
Fri Feb 13 2015 10:31:57 GMT+0700 (ICT) -@-  Update tag (id:32 | name: java) count = 190
Fri Feb 13 2015 10:31:57 GMT+0700 (ICT) -@-  Update tag (id:46 | name: software) count = 279
Fri Feb 13 2015 10:31:57 GMT+0700 (ICT) -@-  Update tag (id:276 | name: business) count = 236
Fri Feb 13 2015 10:31:57 GMT+0700 (ICT) -@-  Update tag (id:271 | name: framework) count = 192
Fri Feb 13 2015 10:31:57 GMT+0700 (ICT) -@-  Update tag (id:318 | name: windows) count = 273
Fri Feb 13 2015 10:31:57 GMT+0700 (ICT) -@-  Update tag (id:268 | name: programming) count = 477
Fri Feb 13 2015 10:31:57 GMT+0700 (ICT) -@-  Update tag (id:424 | name: bootstrap) count = 4
Fri Feb 13 2015 10:31:57 GMT+0700 (ICT) -@-  Update tag (id:348 | name: juniper) count = 7
Fri Feb 13 2015 10:31:57 GMT+0700 (ICT) -@-  Update tag (id:347 | name: facebook) count = 22
Fri Feb 13 2015 10:31:57 GMT+0700 (ICT) -@-  Update tag (id:422 | name: angularjs) count = 7
Fri Feb 13 2015 10:31:57 GMT+0700 (ICT) -@-  Update tag (id:414 | name: json) count = 1
Fri Feb 13 2015 10:31:57 GMT+0700 (ICT) -@-  Update tag (id:313 | name: administration) count = 40
Fri Feb 13 2015 10:31:57 GMT+0700 (ICT) -@-  Update tag (id:325 | name: access) count = 114
Fri Feb 13 2015 10:31:57 GMT+0700 (ICT) -@-  Update tag (id:321 | name: optimization) count = 20
Fri Feb 13 2015 10:31:57 GMT+0700 (ICT) -@-  Update tag (id:296 | name: git) count = 6
Fri Feb 13 2015 10:31:57 GMT+0700 (ICT) -@-  Update tag (id:340 | name: oracle) count = 81
Fri Feb 13 2015 10:31:57 GMT+0700 (ICT) -@-  Update tag (id:360 | name: games) count = 74
Fri Feb 13 2015 10:31:57 GMT+0700 (ICT) -@-  Update tag (id:386 | name: analytics) count = 14
Fri Feb 13 2015 10:31:57 GMT+0700 (ICT) -@-  Update tag (id:291 | name: sdk) count = 25
Fri Feb 13 2015 10:31:57 GMT+0700 (ICT) -@-  Update tag (id:351 | name: perl) count = 17
Fri Feb 13 2015 10:31:57 GMT+0700 (ICT) -@-  Update tag (id:283 | name: android) count = 107
Fri Feb 13 2015 10:31:57 GMT+0700 (ICT) -@-  Update tag (id:342 | name: ibm) count = 7
Fri Feb 13 2015 10:31:57 GMT+0700 (ICT) -@-  Update tag (id:409 | name: matlab) count = 11
Fri Feb 13 2015 10:31:57 GMT+0700 (ICT) -@-  Update tag (id:286 | name: agile) count = 32
Fri Feb 13 2015 10:31:57 GMT+0700 (ICT) -@-  Update tag (id:314 | name: sharepoint) count = 78
Fri Feb 13 2015 10:31:57 GMT+0700 (ICT) -@-  Update tag (id:397 | name: node.js) count = 16
Fri Feb 13 2015 10:31:57 GMT+0700 (ICT) -@-  Update tag (id:368 | name: javafx) count = 9
Fri Feb 13 2015 10:31:57 GMT+0700 (ICT) -@-  Update tag (id:377 | name: hibernate) count = 6
Fri Feb 13 2015 10:31:57 GMT+0700 (ICT) -@-  Update tag (id:385 | name: kindle) count = 3
Fri Feb 13 2015 10:31:57 GMT+0700 (ICT) -@-  Update tag (id:363 | name: ide) count = 12
Fri Feb 13 2015 10:31:57 GMT+0700 (ICT) -@-  Update tag (id:361 | name: xcode) count = 21
Fri Feb 13 2015 10:31:57 GMT+0700 (ICT) -@-  Update tag (id:328 | name: tuning) count = 9
Fri Feb 13 2015 10:31:57 GMT+0700 (ICT) -@-  Update tag (id:305 | name: php) count = 65
Fri Feb 13 2015 10:31:57 GMT+0700 (ICT) -@-  Update tag (id:350 | name: soa) count = 18
Fri Feb 13 2015 10:31:57 GMT+0700 (ICT) -@-  Update tag (id:411 | name: lego) count = 4
Fri Feb 13 2015 10:31:57 GMT+0700 (ICT) -@-  Update tag (id:333 | name: mapreduce) count = 10
Fri Feb 13 2015 10:31:57 GMT+0700 (ICT) -@-  Update tag (id:303 | name: erlang) count = 6
Fri Feb 13 2015 10:31:57 GMT+0700 (ICT) -@-  Update tag (id:23 | name: audio) count = 24
Fri Feb 13 2015 10:31:57 GMT+0700 (ICT) -@-  Update tag (id:37 | name: media) count = 56
Fri Feb 13 2015 10:31:57 GMT+0700 (ICT) -@-  Update tag (id:316 | name: powershell) count = 30
Fri Feb 13 2015 10:31:57 GMT+0700 (ICT) -@-  Update tag (id:373 | name: opengl) count = 12
Fri Feb 13 2015 10:31:57 GMT+0700 (ICT) -@-  Update tag (id:264 | name: rails) count = 36
Fri Feb 13 2015 10:31:57 GMT+0700 (ICT) -@-  Update tag (id:279 | name: groovy) count = 10
Fri Feb 13 2015 10:31:57 GMT+0700 (ICT) -@-  Update tag (id:308 | name: asp.net) count = 66
Fri Feb 13 2015 10:31:57 GMT+0700 (ICT) -@-  Update tag (id:400 | name: hacking) count = 19
Fri Feb 13 2015 10:31:57 GMT+0700 (ICT) -@-  Update tag (id:301 | name: clojure) count = 10
Fri Feb 13 2015 10:31:57 GMT+0700 (ICT) -@-  Update tag (id:355 | name: flex) count = 16
Fri Feb 13 2015 10:31:57 GMT+0700 (ICT) -@-  Update tag (id:278 | name: google) count = 54
Fri Feb 13 2015 10:31:57 GMT+0700 (ICT) -@-  Update tag (id:294 | name: spring) count = 23
Fri Feb 13 2015 10:31:57 GMT+0700 (ICT) -@-  Update tag (id:383 | name: node) count = 6
Fri Feb 13 2015 10:31:57 GMT+0700 (ICT) -@-  Update tag (id:307 | name: xml) count = 32
Fri Feb 13 2015 10:31:57 GMT+0700 (ICT) -@-  Update tag (id:381 | name: backbone) count = 7
Fri Feb 13 2015 10:31:57 GMT+0700 (ICT) -@-  Update tag (id:345 | name: twitter) count = 26
Fri Feb 13 2015 10:31:57 GMT+0700 (ICT) -@-  Update tag (id:387 | name: dart) count = 5
Fri Feb 13 2015 10:31:57 GMT+0700 (ICT) -@-  Update tag (id:285 | name: css3) count = 29
Fri Feb 13 2015 10:31:57 GMT+0700 (ICT) -@-  Update tag (id:99 | name: wordpress) count = 23
Fri Feb 13 2015 10:31:57 GMT+0700 (ICT) -@-  Update tag (id:403 | name: numpy) count = 6
Fri Feb 13 2015 10:31:57 GMT+0700 (ICT) -@-  Update tag (id:379 | name: unity) count = 14
Fri Feb 13 2015 10:31:57 GMT+0700 (ICT) -@-  Update tag (id:406 | name: citrix) count = 7
Fri Feb 13 2015 10:31:57 GMT+0700 (ICT) -@-  Update tag (id:1423206828203 | name: InDesign) count = 3
Fri Feb 13 2015 10:31:57 GMT+0700 (ICT) -@-  Update tag (id:395 | name: nagios) count = 3
Fri Feb 13 2015 10:31:57 GMT+0700 (ICT) -@-  Update tag (id:410 | name: lua) count = 6
Fri Feb 13 2015 10:31:57 GMT+0700 (ICT) -@-  Update tag (id:374 | name: netbeans) count = 5
Fri Feb 13 2015 10:31:57 GMT+0700 (ICT) -@-  Update tag (id:1423272387827 | name: Solaris) count = 4
Fri Feb 13 2015 10:31:57 GMT+0700 (ICT) -@-  Update tag (id:396 | name: webgl) count = 4
Fri Feb 13 2015 10:31:57 GMT+0700 (ICT) -@-  Update tag (id:354 | name: bsd) count = 4
Fri Feb 13 2015 10:31:57 GMT+0700 (ICT) -@-  Update tag (id:1423272448600 | name: FreeBSD) count = 2
Fri Feb 13 2015 10:31:57 GMT+0700 (ICT) -@-  Update tag (id:364 | name: drupal) count = 26
Fri Feb 13 2015 10:31:57 GMT+0700 (ICT) -@-  Update tag (id:329 | name: ajax) count = 29
Fri Feb 13 2015 10:31:57 GMT+0700 (ICT) -@-  Update tag (id:415 | name: gimp) count = 2
Fri Feb 13 2015 10:31:57 GMT+0700 (ICT) -@-  Update tag (id:91 | name: ubuntu) count = 11
Fri Feb 13 2015 10:31:57 GMT+0700 (ICT) -@-  Update tag (id:269 | name: cocoa) count = 21
Fri Feb 13 2015 10:31:57 GMT+0700 (ICT) -@-  Update tag (id:290 | name: iphone) count = 84
Fri Feb 13 2015 10:31:57 GMT+0700 (ICT) -@-  Update tag (id:402 | name: wpf) count = 7
Fri Feb 13 2015 10:31:57 GMT+0700 (ICT) -@-  Update tag (id:369 | name: mongodb) count = 14
Fri Feb 13 2015 10:31:57 GMT+0700 (ICT) -@-  Update tag (id:1423448163828 | name: Sphinx) count = 1
Fri Feb 13 2015 10:31:57 GMT+0700 (ICT) -@-  Update tag (id:378 | name: eclipse) count = 13
Fri Feb 13 2015 10:31:57 GMT+0700 (ICT) -@-  Update tag (id:376 | name: wi-fi) count = 6
Fri Feb 13 2015 10:31:57 GMT+0700 (ICT) -@-  Update tag (id:1423448222732 | name: OpenBSD) count = 2
Fri Feb 13 2015 10:31:57 GMT+0700 (ICT) -@-  Update tag (id:370 | name: jira) count = 6
Fri Feb 13 2015 10:31:57 GMT+0700 (ICT) -@-  Update tag (id:372 | name: xaml) count = 7
Fri Feb 13 2015 10:31:57 GMT+0700 (ICT) -@-  Update tag (id:401 | name: django) count = 4
Fri Feb 13 2015 10:31:57 GMT+0700 (ICT) -@-  Update tag (id:322 | name: seo) count = 10
Fri Feb 13 2015 10:31:57 GMT+0700 (ICT) -@-  Update tag (id:1423448461532 | name: Redmine) count = 1
Fri Feb 13 2015 10:31:57 GMT+0700 (ICT) -@-  Update tag (id:341 | name: joomla) count = 1
Fri Feb 13 2015 10:31:57 GMT+0700 (ICT) -@-  Update tag (id:375 | name: sass) count = 3
Fri Feb 13 2015 10:31:57 GMT+0700 (ICT) -@-  Update tag (id:280 | name: grails) count = 6
Fri Feb 13 2015 10:31:57 GMT+0700 (ICT) -@-  Update tag (id:389 | name: dom) count = 8
Fri Feb 13 2015 10:31:57 GMT+0700 (ICT) -@-  Update tag (id:311 | name: photoshop) count = 18
Fri Feb 13 2015 10:31:57 GMT+0700 (ICT) -@-  Update tag (id:399 | name: iis) count = 6
Fri Feb 13 2015 10:31:57 GMT+0700 (ICT) -@-  Update tag (id:388 | name: haskell) count = 2
Fri Feb 13 2015 10:31:57 GMT+0700 (ICT) -@-  Update tag (id:327 | name: hack) count = 2
Fri Feb 13 2015 10:31:57 GMT+0700 (ICT) -@-  Update tag (id:357 | name: soap) count = 7
Fri Feb 13 2015 10:31:57 GMT+0700 (ICT) -@-  Update tag (id:323 | name: fonts) count = 5
Fri Feb 13 2015 10:31:57 GMT+0700 (ICT) -@-  Update tag (id:1423448826450 | name: Munin) count = 1
Fri Feb 13 2015 10:31:57 GMT+0700 (ICT) -@-  Update tag (id:407 | name: hyper-v) count = 7
Fri Feb 13 2015 10:31:57 GMT+0700 (ICT) -@-  Update tag (id:420 | name: websocket) count = 2
Fri Feb 13 2015 10:31:57 GMT+0700 (ICT) -@-  Update tag (id:427 | name: asp) count = 1
Fri Feb 13 2015 10:31:57 GMT+0700 (ICT) -@-  Update tag (id:384 | name: outlook) count = 8
Fri Feb 13 2015 10:31:57 GMT+0700 (ICT) -@-  Update tag (id:404 | name: titanium) count = 4
Fri Feb 13 2015 10:31:57 GMT+0700 (ICT) -@-  Update tag (id:423 | name: vmm) count = 1
Fri Feb 13 2015 10:31:57 GMT+0700 (ICT) -@-  Update tag (id:408 | name: autocad) count = 5
Fri Feb 13 2015 10:31:57 GMT+0700 (ICT) -@-  Update tag (id:339 | name: vba) count = 6
Fri Feb 13 2015 10:31:57 GMT+0700 (ICT) -@-  Update tag (id:419 | name: panda3d) count = 1
Fri Feb 13 2015 10:31:57 GMT+0700 (ICT) -@-  Update tag (id:334 | name: nutshell) count = 10
Fri Feb 13 2015 10:31:57 GMT+0700 (ICT) -@-  Update tag (id:353 | name: bash) count = 6
Fri Feb 13 2015 10:31:57 GMT+0700 (ICT) -@-  Update tag (id:394 | name: postgresql) count = 8
Fri Feb 13 2015 10:31:57 GMT+0700 (ICT) -@-  Update tag (id:398 | name: cocos2d) count = 2
Fri Feb 13 2015 10:31:57 GMT+0700 (ICT) -@-  Update tag (id:382 | name: firebug) count = 3
Fri Feb 13 2015 10:31:57 GMT+0700 (ICT) -@-  Update tag (id:390 | name: sap) count = 5
Fri Feb 13 2015 10:31:57 GMT+0700 (ICT) -@-  Update tag (id:371 | name: xbox) count = 7
Fri Feb 13 2015 10:31:57 GMT+0700 (ICT) -@-  Update tag (id:297 | name: subversion) count = 3
Fri Feb 13 2015 10:31:57 GMT+0700 (ICT) -@-  Update tag (id:332 | name: couchdb) count = 5
Fri Feb 13 2015 10:31:57 GMT+0700 (ICT) -@-  Update tag (id:292 | name: dojo) count = 3
Fri Feb 13 2015 10:31:57 GMT+0700 (ICT) -@-  Update tag (id:336 | name: yahoo) count = 1
Fri Feb 13 2015 10:31:57 GMT+0700 (ICT) -@-  Update tag (id:356 | name: actionscript) count = 8
Fri Feb 13 2015 10:31:57 GMT+0700 (ICT) -@-  Update tag (id:317 | name: uml) count = 3
Thu Apr 16 2015 14:25:21 GMT+0700 (ICT) -@-  Update tag (id:0 | name: Uncategorized) count = 0
Thu Apr 16 2015 14:25:21 GMT+0700 (ICT) -@-  Update tag (id:430 | name: buy) count = 0
Thu Apr 16 2015 14:25:22 GMT+0700 (ICT) -@-  Update tag (id:1423466105550 | name: PlayStation) count = 1
Thu Apr 16 2015 14:25:22 GMT+0700 (ICT) -@-  Update tag (id:392 | name: nosql) count = 20
Thu Apr 16 2015 14:25:22 GMT+0700 (ICT) -@-  Update tag (id:426 | name: knockout) count = 1
Thu Apr 16 2015 14:25:22 GMT+0700 (ICT) -@-  Update tag (id:338 | name: vb) count = 20
Thu Apr 16 2015 14:25:22 GMT+0700 (ICT) -@-  Update tag (id:320 | name: .net) count = 191
Thu Apr 16 2015 14:25:22 GMT+0700 (ICT) -@-  Update tag (id:331 | name: excel) count = 48
Thu Apr 16 2015 14:25:22 GMT+0700 (ICT) -@-  Update tag (id:309 | name: mvc) count = 49
Thu Apr 16 2015 14:25:22 GMT+0700 (ICT) -@-  Update tag (id:287 | name: design) count = 377
Thu Apr 16 2015 14:25:22 GMT+0700 (ICT) -@-  Update tag (id:284 | name: html5) count = 125
Thu Apr 16 2015 14:25:22 GMT+0700 (ICT) -@-  Update tag (id:73 | name: scala) count = 18
Thu Apr 16 2015 14:25:22 GMT+0700 (ICT) -@-  Update tag (id:359 | name: ejb) count = 8
Thu Apr 16 2015 14:25:22 GMT+0700 (ICT) -@-  Update tag (id:289 | name: ipad) count = 63
Thu Apr 16 2015 14:25:22 GMT+0700 (ICT) -@-  Update tag (id:299 | name: security) count = 142
Thu Apr 16 2015 14:25:22 GMT+0700 (ICT) -@-  Update tag (id:265 | name: ruby) count = 67
Thu Apr 16 2015 14:25:22 GMT+0700 (ICT) -@-  Update tag (id:337 | name: visualization) count = 24
Thu Apr 16 2015 14:25:22 GMT+0700 (ICT) -@-  Update tag (id:266 | name: performance) count = 143
Thu Apr 16 2015 14:25:22 GMT+0700 (ICT) -@-  Update tag (id:349 | name: cisco) count = 19
Thu Apr 16 2015 14:25:22 GMT+0700 (ICT) -@-  Update tag (id:324 | name: office) count = 54
Thu Apr 16 2015 14:25:22 GMT+0700 (ICT) -@-  Update tag (id:319 | name: silverlight) count = 38
Thu Apr 16 2015 14:25:22 GMT+0700 (ICT) -@-  Update tag (id:282 | name: phone) count = 73
Thu Apr 16 2015 14:25:22 GMT+0700 (ICT) -@-  Update tag (id:302 | name: network) count = 163
Thu Apr 16 2015 14:25:22 GMT+0700 (ICT) -@-  Update tag (id:344 | name: 3d) count = 84
Thu Apr 16 2015 14:25:22 GMT+0700 (ICT) -@-  Update tag (id:273 | name: flash) count = 39
Thu Apr 16 2015 14:25:22 GMT+0700 (ICT) -@-  Update tag (id:326 | name: jquery) count = 61
Thu Apr 16 2015 14:25:22 GMT+0700 (ICT) -@-  Update tag (id:362 | name: objective-c) count = 40
Thu Apr 16 2015 14:25:22 GMT+0700 (ICT) -@-  Update tag (id:358 | name: phonegap) count = 7
Thu Apr 16 2015 14:25:22 GMT+0700 (ICT) -@-  Update tag (id:391 | name: fedora) count = 5
Thu Apr 16 2015 14:25:22 GMT+0700 (ICT) -@-  Update tag (id:393 | name: graph) count = 20
Thu Apr 16 2015 14:25:22 GMT+0700 (ICT) -@-  Update tag (id:295 | name: css) count = 77
Thu Apr 16 2015 14:25:22 GMT+0700 (ICT) -@-  Update tag (id:306 | name: sql) count = 158
Thu Apr 16 2015 14:25:22 GMT+0700 (ICT) -@-  Update tag (id:270 | name: cloud) count = 90
Thu Apr 16 2015 14:25:22 GMT+0700 (ICT) -@-  Update tag (id:298 | name: linux) count = 103
Thu Apr 16 2015 14:25:22 GMT+0700 (ICT) -@-  Update tag (id:300 | name: apache) count = 52
Thu Apr 16 2015 14:25:22 GMT+0700 (ICT) -@-  Update tag (id:380 | name: hadoop) count = 28
Thu Apr 16 2015 14:25:22 GMT+0700 (ICT) -@-  Update tag (id:343 | name: mysql) count = 49
Thu Apr 16 2015 14:25:22 GMT+0700 (ICT) -@-  Update tag (id:288 | name: ios) count = 152
Thu Apr 16 2015 14:25:22 GMT+0700 (ICT) -@-  Update tag (id:346 | name: api) count = 72
Thu Apr 16 2015 14:25:22 GMT+0700 (ICT) -@-  Update tag (id:34 | name: mac) count = 99
Thu Apr 16 2015 14:25:22 GMT+0700 (ICT) -@-  Update tag (id:315 | name: server) count = 252
Thu Apr 16 2015 14:25:22 GMT+0700 (ICT) -@-  Update tag (id:263 | name: basic) count = 224
Thu Apr 16 2015 14:25:22 GMT+0700 (ICT) -@-  Update tag (id:119 | name: html) count = 81
Thu Apr 16 2015 14:25:22 GMT+0700 (ICT) -@-  Update tag (id:293 | name: javascript) count = 233
Thu Apr 16 2015 14:25:22 GMT+0700 (ICT) -@-  Update tag (id:271 | name: framework) count = 251
Thu Apr 16 2015 14:25:22 GMT+0700 (ICT) -@-  Update tag (id:304 | name: microsoft) count = 290
Thu Apr 16 2015 14:25:22 GMT+0700 (ICT) -@-  Update tag (id:46 | name: software) count = 349
Thu Apr 16 2015 14:25:22 GMT+0700 (ICT) -@-  Update tag (id:276 | name: business) count = 297
Thu Apr 16 2015 14:25:22 GMT+0700 (ICT) -@-  Update tag (id:424 | name: bootstrap) count = 9
Thu Apr 16 2015 14:25:22 GMT+0700 (ICT) -@-  Update tag (id:347 | name: facebook) count = 31
Thu Apr 16 2015 14:25:22 GMT+0700 (ICT) -@-  Update tag (id:313 | name: administration) count = 53
Thu Apr 16 2015 14:25:22 GMT+0700 (ICT) -@-  Update tag (id:348 | name: juniper) count = 7
Thu Apr 16 2015 14:25:22 GMT+0700 (ICT) -@-  Update tag (id:422 | name: angularjs) count = 11
Thu Apr 16 2015 14:25:22 GMT+0700 (ICT) -@-  Update tag (id:321 | name: optimization) count = 24
Thu Apr 16 2015 14:25:22 GMT+0700 (ICT) -@-  Update tag (id:318 | name: windows) count = 336
Thu Apr 16 2015 14:25:22 GMT+0700 (ICT) -@-  Update tag (id:325 | name: access) count = 133
Thu Apr 16 2015 14:25:22 GMT+0700 (ICT) -@-  Update tag (id:360 | name: games) count = 104
Thu Apr 16 2015 14:25:22 GMT+0700 (ICT) -@-  Update tag (id:340 | name: oracle) count = 118
Thu Apr 16 2015 14:25:22 GMT+0700 (ICT) -@-  Update tag (id:386 | name: analytics) count = 18
Thu Apr 16 2015 14:25:22 GMT+0700 (ICT) -@-  Update tag (id:291 | name: sdk) count = 40
Thu Apr 16 2015 14:25:22 GMT+0700 (ICT) -@-  Update tag (id:351 | name: perl) count = 19
Thu Apr 16 2015 14:25:22 GMT+0700 (ICT) -@-  Update tag (id:268 | name: programming) count = 615
Thu Apr 16 2015 14:25:22 GMT+0700 (ICT) -@-  Update tag (id:296 | name: git) count = 10
Thu Apr 16 2015 14:25:22 GMT+0700 (ICT) -@-  Update tag (id:342 | name: ibm) count = 8
Thu Apr 16 2015 14:25:22 GMT+0700 (ICT) -@-  Update tag (id:409 | name: matlab) count = 18
Thu Apr 16 2015 14:25:22 GMT+0700 (ICT) -@-  Update tag (id:385 | name: kindle) count = 4
Thu Apr 16 2015 14:25:22 GMT+0700 (ICT) -@-  Update tag (id:328 | name: tuning) count = 16
Thu Apr 16 2015 14:25:22 GMT+0700 (ICT) -@-  Update tag (id:286 | name: agile) count = 43
Thu Apr 16 2015 14:25:22 GMT+0700 (ICT) -@-  Update tag (id:377 | name: hibernate) count = 10
Thu Apr 16 2015 14:25:22 GMT+0700 (ICT) -@-  Update tag (id:397 | name: node.js) count = 23
Thu Apr 16 2015 14:25:22 GMT+0700 (ICT) -@-  Update tag (id:283 | name: android) count = 163
Thu Apr 16 2015 14:25:22 GMT+0700 (ICT) -@-  Update tag (id:368 | name: javafx) count = 15
Thu Apr 16 2015 14:25:22 GMT+0700 (ICT) -@-  Update tag (id:314 | name: sharepoint) count = 101
Thu Apr 16 2015 14:25:22 GMT+0700 (ICT) -@-  Update tag (id:361 | name: xcode) count = 29
Thu Apr 16 2015 14:25:22 GMT+0700 (ICT) -@-  Update tag (id:333 | name: mapreduce) count = 12
Thu Apr 16 2015 14:25:22 GMT+0700 (ICT) -@-  Update tag (id:308 | name: asp.net) count = 96
Thu Apr 16 2015 14:25:22 GMT+0700 (ICT) -@-  Update tag (id:305 | name: php) count = 81
Thu Apr 16 2015 14:25:22 GMT+0700 (ICT) -@-  Update tag (id:363 | name: ide) count = 14
Thu Apr 16 2015 14:25:22 GMT+0700 (ICT) -@-  Update tag (id:350 | name: soa) count = 20
Thu Apr 16 2015 14:25:22 GMT+0700 (ICT) -@-  Update tag (id:411 | name: lego) count = 8
Thu Apr 16 2015 14:25:22 GMT+0700 (ICT) -@-  Update tag (id:303 | name: erlang) count = 6
Thu Apr 16 2015 14:25:22 GMT+0700 (ICT) -@-  Update tag (id:316 | name: powershell) count = 35
Thu Apr 16 2015 14:25:22 GMT+0700 (ICT) -@-  Update tag (id:373 | name: opengl) count = 15
Thu Apr 16 2015 14:25:22 GMT+0700 (ICT) -@-  Update tag (id:279 | name: groovy) count = 14
Thu Apr 16 2015 14:25:22 GMT+0700 (ICT) -@-  Update tag (id:23 | name: audio) count = 29
Thu Apr 16 2015 14:25:22 GMT+0700 (ICT) -@-  Update tag (id:37 | name: media) count = 70
Thu Apr 16 2015 14:25:22 GMT+0700 (ICT) -@-  Update tag (id:278 | name: google) count = 75
Thu Apr 16 2015 14:25:22 GMT+0700 (ICT) -@-  Update tag (id:355 | name: flex) count = 16
Thu Apr 16 2015 14:25:22 GMT+0700 (ICT) -@-  Update tag (id:400 | name: hacking) count = 20
Thu Apr 16 2015 14:25:22 GMT+0700 (ICT) -@-  Update tag (id:264 | name: rails) count = 42
Thu Apr 16 2015 14:25:22 GMT+0700 (ICT) -@-  Update tag (id:294 | name: spring) count = 35
Thu Apr 16 2015 14:25:22 GMT+0700 (ICT) -@-  Update tag (id:301 | name: clojure) count = 11
Thu Apr 16 2015 14:25:22 GMT+0700 (ICT) -@-  Update tag (id:381 | name: backbone) count = 9
Thu Apr 16 2015 14:25:22 GMT+0700 (ICT) -@-  Update tag (id:403 | name: numpy) count = 7
Thu Apr 16 2015 14:25:22 GMT+0700 (ICT) -@-  Update tag (id:345 | name: twitter) count = 34
Thu Apr 16 2015 14:25:22 GMT+0700 (ICT) -@-  Update tag (id:387 | name: dart) count = 7
Thu Apr 16 2015 14:25:22 GMT+0700 (ICT) -@-  Update tag (id:307 | name: xml) count = 42
Thu Apr 16 2015 14:25:22 GMT+0700 (ICT) -@-  Update tag (id:285 | name: css3) count = 38
Thu Apr 16 2015 14:25:22 GMT+0700 (ICT) -@-  Update tag (id:383 | name: node) count = 7
Thu Apr 16 2015 14:25:22 GMT+0700 (ICT) -@-  Update tag (id:99 | name: wordpress) count = 27
Thu Apr 16 2015 14:25:22 GMT+0700 (ICT) -@-  Update tag (id:379 | name: unity) count = 21
Thu Apr 16 2015 14:25:22 GMT+0700 (ICT) -@-  Update tag (id:395 | name: nagios) count = 3
Thu Apr 16 2015 14:25:22 GMT+0700 (ICT) -@-  Update tag (id:406 | name: citrix) count = 7
Thu Apr 16 2015 14:25:22 GMT+0700 (ICT) -@-  Update tag (id:1423272387827 | name: Solaris) count = 4
Thu Apr 16 2015 14:25:22 GMT+0700 (ICT) -@-  Update tag (id:364 | name: drupal) count = 30
Thu Apr 16 2015 14:25:22 GMT+0700 (ICT) -@-  Update tag (id:410 | name: lua) count = 8
Thu Apr 16 2015 14:25:22 GMT+0700 (ICT) -@-  Update tag (id:354 | name: bsd) count = 4
Thu Apr 16 2015 14:25:22 GMT+0700 (ICT) -@-  Update tag (id:374 | name: netbeans) count = 8
Thu Apr 16 2015 14:25:22 GMT+0700 (ICT) -@-  Update tag (id:396 | name: webgl) count = 5
Thu Apr 16 2015 14:25:22 GMT+0700 (ICT) -@-  Update tag (id:329 | name: ajax) count = 42
Thu Apr 16 2015 14:25:22 GMT+0700 (ICT) -@-  Update tag (id:1423206828203 | name: InDesign) count = 3
Thu Apr 16 2015 14:25:22 GMT+0700 (ICT) -@-  Update tag (id:269 | name: cocoa) count = 29
Thu Apr 16 2015 14:25:22 GMT+0700 (ICT) -@-  Update tag (id:402 | name: wpf) count = 9
Thu Apr 16 2015 14:25:22 GMT+0700 (ICT) -@-  Update tag (id:1423272448600 | name: FreeBSD) count = 2
Thu Apr 16 2015 14:25:22 GMT+0700 (ICT) -@-  Update tag (id:290 | name: iphone) count = 113
Thu Apr 16 2015 14:25:22 GMT+0700 (ICT) -@-  Update tag (id:1423448222732 | name: OpenBSD) count = 2
Thu Apr 16 2015 14:25:22 GMT+0700 (ICT) -@-  Update tag (id:378 | name: eclipse) count = 14
Thu Apr 16 2015 14:25:22 GMT+0700 (ICT) -@-  Update tag (id:91 | name: ubuntu) count = 13
Thu Apr 16 2015 14:25:22 GMT+0700 (ICT) -@-  Update tag (id:369 | name: mongodb) count = 16
Thu Apr 16 2015 14:25:22 GMT+0700 (ICT) -@-  Update tag (id:370 | name: jira) count = 6
Thu Apr 16 2015 14:25:22 GMT+0700 (ICT) -@-  Update tag (id:352 | name: shell) count = 23
Thu Apr 16 2015 14:25:22 GMT+0700 (ICT) -@-  Update tag (id:1423448163828 | name: Sphinx) count = 1
Thu Apr 16 2015 14:25:22 GMT+0700 (ICT) -@-  Update tag (id:341 | name: joomla) count = 1
Thu Apr 16 2015 14:25:22 GMT+0700 (ICT) -@-  Update tag (id:274 | name: patterns) count = 68
Thu Apr 16 2015 14:25:22 GMT+0700 (ICT) -@-  Update tag (id:275 | name: project) count = 142
Thu Apr 16 2015 14:25:22 GMT+0700 (ICT) -@-  Update tag (id:267 | name: arduino) count = 47
Thu Apr 16 2015 14:25:22 GMT+0700 (ICT) -@-  Update tag (id:415 | name: gimp) count = 4
Thu Apr 16 2015 14:25:22 GMT+0700 (ICT) -@-  Update tag (id:272 | name: testing) count = 100
Thu Apr 16 2015 14:25:22 GMT+0700 (ICT) -@-  Update tag (id:376 | name: wi-fi) count = 6
Thu Apr 16 2015 14:25:22 GMT+0700 (ICT) -@-  Update tag (id:414 | name: json) count = 6
Thu Apr 16 2015 14:25:22 GMT+0700 (ICT) -@-  Update tag (id:1423448461532 | name: Redmine) count = 1
Thu Apr 16 2015 14:25:22 GMT+0700 (ICT) -@-  Update tag (id:280 | name: grails) count = 9
Thu Apr 16 2015 14:25:22 GMT+0700 (ICT) -@-  Update tag (id:389 | name: dom) count = 12
Thu Apr 16 2015 14:25:22 GMT+0700 (ICT) -@-  Update tag (id:322 | name: seo) count = 10
Thu Apr 16 2015 14:25:22 GMT+0700 (ICT) -@-  Update tag (id:372 | name: xaml) count = 12
Thu Apr 16 2015 14:25:22 GMT+0700 (ICT) -@-  Update tag (id:375 | name: sass) count = 3
Thu Apr 16 2015 14:25:22 GMT+0700 (ICT) -@-  Update tag (id:311 | name: photoshop) count = 19
Thu Apr 16 2015 14:25:22 GMT+0700 (ICT) -@-  Update tag (id:388 | name: haskell) count = 4
Thu Apr 16 2015 14:25:22 GMT+0700 (ICT) -@-  Update tag (id:357 | name: soap) count = 7
Thu Apr 16 2015 14:25:22 GMT+0700 (ICT) -@-  Update tag (id:407 | name: hyper-v) count = 10
Thu Apr 16 2015 14:25:22 GMT+0700 (ICT) -@-  Update tag (id:399 | name: iis) count = 7
Thu Apr 16 2015 14:25:22 GMT+0700 (ICT) -@-  Update tag (id:323 | name: fonts) count = 6
Thu Apr 16 2015 14:25:22 GMT+0700 (ICT) -@-  Update tag (id:408 | name: autocad) count = 5
Thu Apr 16 2015 14:25:22 GMT+0700 (ICT) -@-  Update tag (id:1423448826450 | name: Munin) count = 1
Thu Apr 16 2015 14:25:22 GMT+0700 (ICT) -@-  Update tag (id:339 | name: vba) count = 7
Thu Apr 16 2015 14:25:22 GMT+0700 (ICT) -@-  Update tag (id:384 | name: outlook) count = 9
Thu Apr 16 2015 14:25:22 GMT+0700 (ICT) -@-  Update tag (id:427 | name: asp) count = 2
Thu Apr 16 2015 14:25:22 GMT+0700 (ICT) -@-  Update tag (id:423 | name: vmm) count = 1
Thu Apr 16 2015 14:25:22 GMT+0700 (ICT) -@-  Update tag (id:401 | name: django) count = 5
Thu Apr 16 2015 14:25:22 GMT+0700 (ICT) -@-  Update tag (id:419 | name: panda3d) count = 1
Thu Apr 16 2015 14:25:22 GMT+0700 (ICT) -@-  Update tag (id:327 | name: hack) count = 2
Thu Apr 16 2015 14:25:22 GMT+0700 (ICT) -@-  Update tag (id:420 | name: websocket) count = 4
Thu Apr 16 2015 14:25:22 GMT+0700 (ICT) -@-  Update tag (id:334 | name: nutshell) count = 10
Thu Apr 16 2015 14:25:22 GMT+0700 (ICT) -@-  Update tag (id:390 | name: sap) count = 7
Thu Apr 16 2015 14:25:22 GMT+0700 (ICT) -@-  Update tag (id:353 | name: bash) count = 8
Thu Apr 16 2015 14:25:22 GMT+0700 (ICT) -@-  Update tag (id:404 | name: titanium) count = 4
Thu Apr 16 2015 14:25:22 GMT+0700 (ICT) -@-  Update tag (id:371 | name: xbox) count = 8
Thu Apr 16 2015 14:25:22 GMT+0700 (ICT) -@-  Update tag (id:332 | name: couchdb) count = 5
Thu Apr 16 2015 14:25:22 GMT+0700 (ICT) -@-  Update tag (id:317 | name: uml) count = 3
Thu Apr 16 2015 14:25:22 GMT+0700 (ICT) -@-  Update tag (id:297 | name: subversion) count = 4
Thu Apr 16 2015 14:25:22 GMT+0700 (ICT) -@-  Update tag (id:292 | name: dojo) count = 3
Thu Apr 16 2015 14:25:22 GMT+0700 (ICT) -@-  Update tag (id:398 | name: cocos2d) count = 3
Thu Apr 16 2015 14:25:22 GMT+0700 (ICT) -@-  Update tag (id:382 | name: firebug) count = 4
Thu Apr 16 2015 14:25:22 GMT+0700 (ICT) -@-  Update tag (id:336 | name: yahoo) count = 1
Thu Apr 16 2015 14:25:22 GMT+0700 (ICT) -@-  Update tag (id:394 | name: postgresql) count = 12
Thu Apr 16 2015 14:25:22 GMT+0700 (ICT) -@-  Update tag (id:356 | name: actionscript) count = 9
Thu Apr 16 2015 14:25:22 GMT+0700 (ICT) -@-  Update tag (id:32 | name: java) count = 252
Thu Apr 16 2015 14:25:22 GMT+0700 (ICT) -@-  Update tag (id:1427916739112 | name: Wii) count = 1
Thu Apr 16 2015 14:25:22 GMT+0700 (ICT) -@-  Update tag (id:281 | name: mobile) count = 270
Thu Apr 16 2015 14:25:22 GMT+0700 (ICT) -@-  Update tag (id:312 | name: database) count = 256
