Fri Feb 13 2015 10:31:04 GMT+0700 (ICT) -@-  Update jobSkill (id:8 | name: QA QC) count = 37

 9
Fri Feb 13 2015 10:31:04 GMT+0700 (ICT) -@-  Update jobSkill (id:5 | name: JavaScript) count = 64
Fri Feb 13 2015 10:31:04 GMT+0700 (ICT) -@-  Update jobSkill (id:9 | name: English) count = 25
Fri Feb 13 2015 10:31:04 GMT+0700 (ICT) -@-  Update jobSkill (id:10 | name: Business Analyst) count = 5
Fri Feb 13 2015 10:31:04 GMT+0700 (ICT) -@-  Update jobSkill (id:11 | name: Java) count = 58
Fri Feb 13 2015 10:31:04 GMT+0700 (ICT) -@-  Update jobSkill (id:12 | name: Python) count = 25
Fri Feb 13 2015 10:31:04 GMT+0700 (ICT) -@-  Update jobSkill (id:13 | name: C plus plus) count = 25
Fri Feb 13 2015 10:31:04 GMT+0700 (ICT) -@-  Update jobSkill (id:14 | name: Objective C) count = 12
Fri Feb 13 2015 10:31:04 GMT+0700 (ICT) -@-  Update jobSkill (id:15 | name: .NET) count = 43
Fri Feb 13 2015 10:31:04 GMT+0700 (ICT) -@-  Update jobSkill (id:16 | name: Sharepoint) count = 6
Fri Feb 13 2015 10:31:04 GMT+0700 (ICT) -@-  Update jobSkill (id:19 | name: JQuery) count = 13
Fri Feb 13 2015 10:31:04 GMT+0700 (ICT) -@-  Update jobSkill (id:20 | name: J2EE) count = 13
Fri Feb 13 2015 10:31:04 GMT+0700 (ICT) -@-  Update jobSkill (id:21 | name: iOS) count = 32
Fri Feb 13 2015 10:31:04 GMT+0700 (ICT) -@-  Update jobSkill (id:17 | name: Agile) count = 7
Fri Feb 13 2015 10:31:04 GMT+0700 (ICT) -@-  Update jobSkill (id:18 | name: ASP.NET) count = 14
Fri Feb 13 2015 10:31:04 GMT+0700 (ICT) -@-  Update jobSkill (id:22 | name: Mobile Apps) count = 12
Fri Feb 13 2015 10:31:04 GMT+0700 (ICT) -@-  Update jobSkill (id:23 | name: Android) count = 24
Fri Feb 13 2015 10:31:04 GMT+0700 (ICT) -@-  Update jobSkill (id:24 | name: System Engineer) count = 18
Fri Feb 13 2015 10:31:04 GMT+0700 (ICT) -@-  Update jobSkill (id:25 | name: C language) count = 16
Fri Feb 13 2015 10:31:04 GMT+0700 (ICT) -@-  Update jobSkill (id:26 | name: Linux) count = 17
Fri Feb 13 2015 10:31:04 GMT+0700 (ICT) -@-  Update jobSkill (id:27 | name: System Admin) count = 11
Fri Feb 13 2015 10:31:04 GMT+0700 (ICT) -@-  Update jobSkill (id:28 | name: Networking) count = 15
Fri Feb 13 2015 10:31:04 GMT+0700 (ICT) -@-  Update jobSkill (id:29 | name: Ruby on Rails) count = 4
Fri Feb 13 2015 10:31:04 GMT+0700 (ICT) -@-  Update jobSkill (id:30 | name: Designer) count = 12
Fri Feb 13 2015 10:31:04 GMT+0700 (ICT) -@-  Update jobSkill (id:31 | name: MVC) count = 2
Fri Feb 13 2015 10:31:04 GMT+0700 (ICT) -@-  Update jobSkill (id:32 | name: c sharp) count = 14
Fri Feb 13 2015 10:31:04 GMT+0700 (ICT) -@-  Update jobSkill (id:33 | name: Project Manager) count = 10
Fri Feb 13 2015 10:31:04 GMT+0700 (ICT) -@-  Update jobSkill (id:34 | name: MySQL) count = 15
Fri Feb 13 2015 10:31:04 GMT+0700 (ICT) -@-  Update jobSkill (id:35 | name: Database) count = 7
Fri Feb 13 2015 10:31:04 GMT+0700 (ICT) -@-  Update jobSkill (id:36 | name: Embedded) count = 8
Fri Feb 13 2015 10:31:04 GMT+0700 (ICT) -@-  Update jobSkill (id:37 | name: Manager) count = 7
Fri Feb 13 2015 10:31:04 GMT+0700 (ICT) -@-  Update jobSkill (id:38 | name: OOP) count = 7
Fri Feb 13 2015 10:31:04 GMT+0700 (ICT) -@-  Update jobSkill (id:39 | name: SQL) count = 15
Fri Feb 13 2015 10:31:04 GMT+0700 (ICT) -@-  Update jobSkill (id:40 | name: UI-UX) count = 1
Fri Feb 13 2015 10:31:04 GMT+0700 (ICT) -@-  Update jobSkill (id:41 | name: Games) count = 3
Thu Apr 16 2015 14:25:02 GMT+0700 (ICT) -@-  Update jobSkill (id:52 | name: PostgreSql) count = 0
Thu Apr 16 2015 14:25:02 GMT+0700 (ICT) -@-  Update jobSkill (id:3 | name: Oracle) count = 36
Thu Apr 16 2015 14:25:02 GMT+0700 (ICT) -@-  Update jobSkill (id:25 | name: C language) count = 33
Thu Apr 16 2015 14:25:02 GMT+0700 (ICT) -@-  Update jobSkill (id:19 | name: JQuery) count = 55
Thu Apr 16 2015 14:25:02 GMT+0700 (ICT) -@-  Update jobSkill (id:9 | name: English) count = 47
Thu Apr 16 2015 14:25:02 GMT+0700 (ICT) -@-  Update jobSkill (id:34 | name: MySQL) count = 63
Thu Apr 16 2015 14:25:02 GMT+0700 (ICT) -@-  Update jobSkill (id:18 | name: ASP.NET) count = 68
Thu Apr 16 2015 14:25:02 GMT+0700 (ICT) -@-  Update jobSkill (id:24 | name: System Engineer) count = 26
Thu Apr 16 2015 14:25:02 GMT+0700 (ICT) -@-  Update jobSkill (id:2 | name: PHP) count = 172
Thu Apr 16 2015 14:25:02 GMT+0700 (ICT) -@-  Update jobSkill (id:41 | name: Games) count = 23
Thu Apr 16 2015 14:25:02 GMT+0700 (ICT) -@-  Update jobSkill (id:4 | name: HTML5) count = 132
Thu Apr 16 2015 14:25:02 GMT+0700 (ICT) -@-  Update jobSkill (id:42 | name: Bridge Engineer) count = 5
Thu Apr 16 2015 14:25:02 GMT+0700 (ICT) -@-  Update jobSkill (id:39 | name: SQL) count = 139
Thu Apr 16 2015 14:25:02 GMT+0700 (ICT) -@-  Update jobSkill (id:26 | name: Linux) count = 35
Thu Apr 16 2015 14:25:02 GMT+0700 (ICT) -@-  Update jobSkill (id:30 | name: Designer) count = 17
Thu Apr 16 2015 14:25:02 GMT+0700 (ICT) -@-  Update jobSkill (id:1 | name: CSS) count = 177
Thu Apr 16 2015 14:25:02 GMT+0700 (ICT) -@-  Update jobSkill (id:36 | name: Embedded) count = 9
Thu Apr 16 2015 14:25:02 GMT+0700 (ICT) -@-  Update jobSkill (id:12 | name: Python) count = 49
Thu Apr 16 2015 14:25:02 GMT+0700 (ICT) -@-  Update jobSkill (id:28 | name: Networking) count = 17
Thu Apr 16 2015 14:25:02 GMT+0700 (ICT) -@-  Update jobSkill (id:35 | name: Database) count = 33
Thu Apr 16 2015 14:25:02 GMT+0700 (ICT) -@-  Update jobSkill (id:20 | name: J2EE) count = 33
Thu Apr 16 2015 14:25:02 GMT+0700 (ICT) -@-  Update jobSkill (id:23 | name: Android) count = 117
Thu Apr 16 2015 14:25:02 GMT+0700 (ICT) -@-  Update jobSkill (id:8 | name: QA QC) count = 51
Thu Apr 16 2015 14:25:02 GMT+0700 (ICT) -@-  Update jobSkill (id:33 | name: Project Manager) count = 45
Thu Apr 16 2015 14:25:02 GMT+0700 (ICT) -@-  Update jobSkill (id:21 | name: iOS) count = 125
Thu Apr 16 2015 14:25:02 GMT+0700 (ICT) -@-  Update jobSkill (id:40 | name: UI-UX) count = 4
Thu Apr 16 2015 14:25:02 GMT+0700 (ICT) -@-  Update jobSkill (id:53 | name: SAP) count = 2
Thu Apr 16 2015 14:25:02 GMT+0700 (ICT) -@-  Update jobSkill (id:16 | name: Sharepoint) count = 27
Thu Apr 16 2015 14:25:02 GMT+0700 (ICT) -@-  Update jobSkill (id:10 | name: Business Analyst) count = 9
Thu Apr 16 2015 14:25:02 GMT+0700 (ICT) -@-  Update jobSkill (id:50 | name: AngularJS) count = 4
Thu Apr 16 2015 14:25:02 GMT+0700 (ICT) -@-  Update jobSkill (id:47 | name: Software Architect) count = 11
Thu Apr 16 2015 14:25:02 GMT+0700 (ICT) -@-  Update jobSkill (id:27 | name: System Admin) count = 11
Thu Apr 16 2015 14:25:02 GMT+0700 (ICT) -@-  Update jobSkill (id:44 | name: Magento) count = 6
Thu Apr 16 2015 14:25:02 GMT+0700 (ICT) -@-  Update jobSkill (id:45 | name: Flash) count = 6
Thu Apr 16 2015 14:25:02 GMT+0700 (ICT) -@-  Update jobSkill (id:11 | name: Java) count = 145
Thu Apr 16 2015 14:25:02 GMT+0700 (ICT) -@-  Update jobSkill (id:17 | name: Agile) count = 22
Thu Apr 16 2015 14:25:02 GMT+0700 (ICT) -@-  Update jobSkill (id:37 | name: Manager) count = 36
Thu Apr 16 2015 14:25:02 GMT+0700 (ICT) -@-  Update jobSkill (id:49 | name: XML) count = 1
Thu Apr 16 2015 14:25:02 GMT+0700 (ICT) -@-  Update jobSkill (id:13 | name: C plus plus) count = 50
Thu Apr 16 2015 14:25:02 GMT+0700 (ICT) -@-  Update jobSkill (id:6 | name: IT Support) count = 14
Thu Apr 16 2015 14:25:02 GMT+0700 (ICT) -@-  Update jobSkill (id:15 | name: .NET) count = 171
Thu Apr 16 2015 14:25:02 GMT+0700 (ICT) -@-  Update jobSkill (id:31 | name: MVC) count = 20
Thu Apr 16 2015 14:25:02 GMT+0700 (ICT) -@-  Update jobSkill (id:22 | name: Mobile Apps) count = 53
Thu Apr 16 2015 14:25:02 GMT+0700 (ICT) -@-  Update jobSkill (id:29 | name: Ruby on Rails) count = 38
Thu Apr 16 2015 14:25:02 GMT+0700 (ICT) -@-  Update jobSkill (id:5 | name: JavaScript) count = 124
Thu Apr 16 2015 14:25:02 GMT+0700 (ICT) -@-  Update jobSkill (id:38 | name: OOP) count = 44
Thu Apr 16 2015 14:25:02 GMT+0700 (ICT) -@-  Update jobSkill (id:43 | name: Japanese) count = 11
Thu Apr 16 2015 14:25:02 GMT+0700 (ICT) -@-  Update jobSkill (id:32 | name: c sharp) count = 31
Thu Apr 16 2015 14:25:02 GMT+0700 (ICT) -@-  Update jobSkill (id:55 | name: NodeJS) count = 1
Thu Apr 16 2015 14:25:02 GMT+0700 (ICT) -@-  Update jobSkill (id:51 | name: Django) count = 2
Thu Apr 16 2015 14:25:02 GMT+0700 (ICT) -@-  Update jobSkill (id:54 | name: Team Leader) count = 3
Thu Apr 16 2015 14:25:02 GMT+0700 (ICT) -@-  Update jobSkill (id:46 | name: Windows Phone) count = 2
Thu Apr 16 2015 14:25:02 GMT+0700 (ICT) -@-  Update jobSkill (id:48 | name: Unity) count = 4
Thu Apr 16 2015 14:25:02 GMT+0700 (ICT) -@-  Update jobSkill (id:7 | name: Tester) count = 35
Thu Apr 16 2015 14:25:02 GMT+0700 (ICT) -@-  Update jobSkill (id:14 | name: Objective C) count = 30
Mon Apr 20 2015 10:13:00 GMT+0700 (ICT) -@-  Update jobSkill (id:3 | name: Oracle) count = 0
Mon Apr 20 2015 10:13:00 GMT+0700 (ICT) -@-  Update jobSkill (id:2 | name: PHP) count = 0
Mon Apr 20 2015 10:13:00 GMT+0700 (ICT) -@-  Update jobSkill (id:19 | name: JQuery) count = 0
Mon Apr 20 2015 10:13:00 GMT+0700 (ICT) -@-  Update jobSkill (id:24 | name: System Engineer) count = 0
Mon Apr 20 2015 10:13:00 GMT+0700 (ICT) -@-  Update jobSkill (id:34 | name: MySQL) count = 0
Mon Apr 20 2015 10:13:00 GMT+0700 (ICT) -@-  Update jobSkill (id:41 | name: Games) count = 0
Mon Apr 20 2015 10:13:00 GMT+0700 (ICT) -@-  Update jobSkill (id:42 | name: Bridge Engineer) count = 0
Mon Apr 20 2015 10:13:00 GMT+0700 (ICT) -@-  Update jobSkill (id:33 | name: Project Manager) count = 0
Mon Apr 20 2015 10:13:00 GMT+0700 (ICT) -@-  Update jobSkill (id:16 | name: Sharepoint) count = 0
Mon Apr 20 2015 10:13:00 GMT+0700 (ICT) -@-  Update jobSkill (id:40 | name: UI-UX) count = 0
Mon Apr 20 2015 10:13:00 GMT+0700 (ICT) -@-  Update jobSkill (id:53 | name: SAP) count = 0
Mon Apr 20 2015 10:13:00 GMT+0700 (ICT) -@-  Update jobSkill (id:10 | name: Business Analyst) count = 0
Mon Apr 20 2015 10:13:00 GMT+0700 (ICT) -@-  Update jobSkill (id:47 | name: Software Architect) count = 0
Mon Apr 20 2015 10:13:00 GMT+0700 (ICT) -@-  Update jobSkill (id:27 | name: System Admin) count = 0
Mon Apr 20 2015 10:13:00 GMT+0700 (ICT) -@-  Update jobSkill (id:17 | name: Agile) count = 0
Mon Apr 20 2015 10:13:00 GMT+0700 (ICT) -@-  Update jobSkill (id:44 | name: Magento) count = 0
Mon Apr 20 2015 10:13:00 GMT+0700 (ICT) -@-  Update jobSkill (id:45 | name: Flash) count = 0
Mon Apr 20 2015 10:13:00 GMT+0700 (ICT) -@-  Update jobSkill (id:37 | name: Manager) count = 0
Mon Apr 20 2015 10:13:00 GMT+0700 (ICT) -@-  Update jobSkill (id:49 | name: XML) count = 0
Mon Apr 20 2015 10:13:00 GMT+0700 (ICT) -@-  Update jobSkill (id:31 | name: MVC) count = 0
Mon Apr 20 2015 10:13:00 GMT+0700 (ICT) -@-  Update jobSkill (id:43 | name: Japanese) count = 0
Mon Apr 20 2015 10:13:00 GMT+0700 (ICT) -@-  Update jobSkill (id:51 | name: Django) count = 0
Mon Apr 20 2015 10:13:00 GMT+0700 (ICT) -@-  Update jobSkill (id:46 | name: Windows Phone) count = 0
Mon Apr 20 2015 10:13:00 GMT+0700 (ICT) -@-  Update jobSkill (id:7 | name: Tester) count = 0
Mon Apr 20 2015 10:13:00 GMT+0700 (ICT) -@-  Update jobSkill (id:48 | name: Unity) count = 0
Mon Apr 20 2015 10:13:00 GMT+0700 (ICT) -@-  Update jobSkill (id:25 | name: C language) count = 1
Mon Apr 20 2015 10:13:00 GMT+0700 (ICT) -@-  Update jobSkill (id:52 | name: PostgreSql) count = 1
Mon Apr 20 2015 10:13:00 GMT+0700 (ICT) -@-  Update jobSkill (id:18 | name: ASP.NET) count = 1
Mon Apr 20 2015 10:13:00 GMT+0700 (ICT) -@-  Update jobSkill (id:9 | name: English) count = 5
Mon Apr 20 2015 10:13:00 GMT+0700 (ICT) -@-  Update jobSkill (id:39 | name: SQL) count = 2
Mon Apr 20 2015 10:13:00 GMT+0700 (ICT) -@-  Update jobSkill (id:26 | name: Linux) count = 2
Mon Apr 20 2015 10:13:00 GMT+0700 (ICT) -@-  Update jobSkill (id:4 | name: HTML5) count = 3
Mon Apr 20 2015 10:13:00 GMT+0700 (ICT) -@-  Update jobSkill (id:1 | name: CSS) count = 2
Mon Apr 20 2015 10:13:00 GMT+0700 (ICT) -@-  Update jobSkill (id:28 | name: Networking) count = 1
Mon Apr 20 2015 10:13:00 GMT+0700 (ICT) -@-  Update jobSkill (id:12 | name: Python) count = 2
Mon Apr 20 2015 10:13:00 GMT+0700 (ICT) -@-  Update jobSkill (id:30 | name: Designer) count = 1
Mon Apr 20 2015 10:13:00 GMT+0700 (ICT) -@-  Update jobSkill (id:36 | name: Embedded) count = 1
Mon Apr 20 2015 10:13:00 GMT+0700 (ICT) -@-  Update jobSkill (id:8 | name: QA QC) count = 1
Mon Apr 20 2015 10:13:00 GMT+0700 (ICT) -@-  Update jobSkill (id:21 | name: iOS) count = 1
Mon Apr 20 2015 10:13:00 GMT+0700 (ICT) -@-  Update jobSkill (id:35 | name: Database) count = 1
Mon Apr 20 2015 10:13:00 GMT+0700 (ICT) -@-  Update jobSkill (id:23 | name: Android) count = 2
Mon Apr 20 2015 10:13:00 GMT+0700 (ICT) -@-  Update jobSkill (id:20 | name: J2EE) count = 2
Mon Apr 20 2015 10:13:00 GMT+0700 (ICT) -@-  Update jobSkill (id:50 | name: AngularJS) count = 1
Mon Apr 20 2015 10:13:00 GMT+0700 (ICT) -@-  Update jobSkill (id:6 | name: IT Support) count = 1
Mon Apr 20 2015 10:13:00 GMT+0700 (ICT) -@-  Update jobSkill (id:11 | name: Java) count = 8
Mon Apr 20 2015 10:13:00 GMT+0700 (ICT) -@-  Update jobSkill (id:29 | name: Ruby on Rails) count = 1
Mon Apr 20 2015 10:13:00 GMT+0700 (ICT) -@-  Update jobSkill (id:5 | name: JavaScript) count = 1
Mon Apr 20 2015 10:13:00 GMT+0700 (ICT) -@-  Update jobSkill (id:38 | name: OOP) count = 3
Mon Apr 20 2015 10:13:00 GMT+0700 (ICT) -@-  Update jobSkill (id:22 | name: Mobile Apps) count = 2
Mon Apr 20 2015 10:13:00 GMT+0700 (ICT) -@-  Update jobSkill (id:32 | name: c sharp) count = 3
Mon Apr 20 2015 10:13:00 GMT+0700 (ICT) -@-  Update jobSkill (id:13 | name: C plus plus) count = 1
Mon Apr 20 2015 10:13:00 GMT+0700 (ICT) -@-  Update jobSkill (id:15 | name: .NET) count = 5
Mon Apr 20 2015 10:13:00 GMT+0700 (ICT) -@-  Update jobSkill (id:55 | name: NodeJS) count = 1
Mon Apr 20 2015 10:13:00 GMT+0700 (ICT) -@-  Update jobSkill (id:54 | name: Team Leader) count = 2
Mon Apr 20 2015 10:13:00 GMT+0700 (ICT) -@-  Update jobSkill (id:14 | name: Objective C) count = 1
