0 info it worked if it ends with ok
1 verbose cli [ '/usr/local/bin/iojs', '/usr/local/bin/npm', 'login' ]
2 info using npm@2.11.1
3 info using node@v2.3.0
4 verbose stack Error: canceled
4 verbose stack     at Interface.<anonymous> (/usr/local/lib/node_modules/npm/node_modules/read/lib/read.js:66:13)
4 verbose stack     at emitNone (events.js:67:13)
4 verbose stack     at Interface.emit (events.js:166:7)
4 verbose stack     at Interface._ttyWrite (readline.js:689:16)
4 verbose stack     at ReadStream.onkeypress (readline.js:104:10)
4 verbose stack     at emitTwo (events.js:87:13)
4 verbose stack     at ReadStream.emit (events.js:172:7)
4 verbose stack     at emitKeys (readline.js:1238:14)
4 verbose stack     at GeneratorFunctionPrototype.next (native)
4 verbose stack     at ReadStream.onData (readline.js:913:34)
5 verbose cwd /Users/quoccuong/crazyarrow
6 error Darwin 14.0.0
7 error argv "/usr/local/bin/iojs" "/usr/local/bin/npm" "login"
8 error node v2.3.0
9 error npm  v2.11.1
10 error canceled
11 error If you need help, you may report this error at:
11 error     <https://github.com/npm/npm/issues>
12 verbose exit [ 1, true ]
